<?xml version="1.0" encoding="UTF-8"?>
<!-- Generated by org.testng.reporters.JUnitXMLReporter -->
<testsuite ignored="0" hostname="DESKTOP-LE40DIL" failures="1" tests="7" name="API Tests" time="5.931" errors="0" timestamp="2025-10-22T22:08:31 WIB">
  <testcase classname="tests.PositiveTests" name="testCreateUserSuccessfully" time="2.422">
    <failure type="java.lang.AssertionError" message="Expected status 201 Created expected [201] but found [401]">
      <![CDATA[java.lang.AssertionError: Expected status 201 Created expected [201] but found [401]
at tests.PositiveTests.testCreateUserSuccessfully(PositiveTests.java:27)
at java.base/java.util.ArrayList.forEach(ArrayList.java:1541)
at tests.TestRunner.main(TestRunner.java:27)
... Removed 30 stack frames]]>
    </failure>
  </testcase> <!-- testCreateUserSuccessfully -->
  <testcase classname="tests.PositiveTests" name="testGetExistingUser" time="1.031"/>
  <testcase classname="tests.NegativeTests" name="testCreateUserWithEmptyBody" time="0.422"/>
  <testcase classname="tests.NegativeTests" name="testGetNonExistingUser" time="0.483"/>
  <testcase classname="tests.BoundaryTests" name="testGetUserWithIdZero" time="0.485"/>
  <testcase classname="tests.BoundaryTests" name="testGetUserWithMaxIntId" time="0.484"/>
  <testcase classname="tests.BoundaryTests" name="testGetUserWithNegativeId" time="0.516"/>
</testsuite> <!-- API Tests -->
